2024-06-11 14:04:26,064 INFO  [restartedMain] com.adem.GreenrentApplication:Starting GreenrentApplication using Java 18.0.1.1 with PID 18140 (C:\Development\sls\workspaceSls\greenRent\target\classes started by dell in C:\Development\sls\workspaceSls\greenRent)
2024-06-11 14:04:26,080 INFO  [restartedMain] com.adem.GreenrentApplication:No active profile set, falling back to 1 default profile: "default"
2024-06-11 14:04:26,298 INFO  [restartedMain] org.springframework.boot.devtools.env.DevToolsPropertyDefaultsPostProcessor:Devtools property defaults active! Set 'spring.devtools.add-properties' to 'false' to disable
2024-06-11 14:04:26,303 INFO  [restartedMain] org.springframework.boot.devtools.env.DevToolsPropertyDefaultsPostProcessor:For additional web related logging consider setting the 'logging.level.web' property to 'DEBUG'
2024-06-11 14:04:28,720 INFO  [restartedMain] org.springframework.data.repository.config.RepositoryConfigurationDelegate:Bootstrapping Spring Data JPA repositories in DEFAULT mode.
2024-06-11 14:04:28,864 INFO  [restartedMain] org.springframework.data.repository.config.RepositoryConfigurationDelegate:Finished Spring Data repository scanning in 121 ms. Found 3 JPA repository interfaces.
2024-06-11 14:04:30,209 INFO  [restartedMain] org.springframework.boot.web.embedded.tomcat.TomcatWebServer:Tomcat initialized with port 8080 (http)
2024-06-11 14:04:30,239 INFO  [restartedMain] org.apache.catalina.core.StandardService:Starting service [Tomcat]
2024-06-11 14:04:30,240 INFO  [restartedMain] org.apache.catalina.core.StandardEngine:Starting Servlet engine: [Apache Tomcat/10.1.20]
2024-06-11 14:04:30,369 INFO  [restartedMain] org.apache.catalina.core.ContainerBase.[Tomcat].[localhost].[/]:Initializing Spring embedded WebApplicationContext
2024-06-11 14:04:30,371 INFO  [restartedMain] org.springframework.boot.web.servlet.context.ServletWebServerApplicationContext:Root WebApplicationContext: initialization completed in 4066 ms
2024-06-11 14:04:30,928 INFO  [restartedMain] org.hibernate.jpa.internal.util.LogHelper:HHH000204: Processing PersistenceUnitInfo [name: default]
2024-06-11 14:04:31,039 INFO  [restartedMain] org.hibernate.Version:HHH000412: Hibernate ORM core version 6.4.4.Final
2024-06-11 14:04:31,126 INFO  [restartedMain] org.hibernate.cache.internal.RegionFactoryInitiator:HHH000026: Second-level cache disabled
2024-06-11 14:04:31,517 INFO  [restartedMain] org.springframework.orm.jpa.persistenceunit.SpringPersistenceUnitInfo:No LoadTimeWeaver setup: ignoring JPA class transformer
2024-06-11 14:04:31,561 INFO  [restartedMain] com.zaxxer.hikari.HikariDataSource:HikariPool-1 - Starting...
2024-06-11 14:04:32,091 INFO  [restartedMain] com.zaxxer.hikari.pool.HikariPool:HikariPool-1 - Added connection org.postgresql.jdbc.PgConnection@5514a0b3
2024-06-11 14:04:32,095 INFO  [restartedMain] com.zaxxer.hikari.HikariDataSource:HikariPool-1 - Start completed.
2024-06-11 14:04:32,226 WARN  [restartedMain] org.hibernate.orm.deprecation:HHH90000025: PostgreSQLDialect does not need to be specified explicitly using 'hibernate.dialect' (remove the property setting and it will be selected by default)
2024-06-11 14:04:34,456 INFO  [restartedMain] org.hibernate.engine.transaction.jta.platform.internal.JtaPlatformInitiator:HHH000489: No JTA platform available (set 'hibernate.transaction.jta.platform' to enable JTA platform integration)
2024-06-11 14:04:34,767 INFO  [restartedMain] org.springframework.orm.jpa.LocalContainerEntityManagerFactoryBean:Initialized JPA EntityManagerFactory for persistence unit 'default'
2024-06-11 14:04:36,024 WARN  [restartedMain] org.springframework.boot.autoconfigure.orm.jpa.JpaBaseConfiguration$JpaWebConfiguration:spring.jpa.open-in-view is enabled by default. Therefore, database queries may be performed during view rendering. Explicitly configure spring.jpa.open-in-view to disable this warning
2024-06-11 14:04:38,039 INFO  [restartedMain] org.springframework.boot.actuate.endpoint.web.EndpointLinksResolver:Exposing 1 endpoint(s) beneath base path '/actuator'
2024-06-11 14:04:38,232 INFO  [restartedMain] org.springframework.security.web.DefaultSecurityFilterChain:Will secure any request with [org.springframework.security.web.session.DisableEncodeUrlFilter@72fd3a54, org.springframework.security.web.context.request.async.WebAsyncManagerIntegrationFilter@421cf9cf, org.springframework.security.web.context.SecurityContextHolderFilter@433907b7, org.springframework.security.web.header.HeaderWriterFilter@19d04992, org.springframework.web.filter.CorsFilter@59a87113, org.springframework.security.web.authentication.logout.LogoutFilter@4e6a0ce3, com.adem.security.jwt.AuthTokenFilter@5ee5bcda, org.springframework.security.web.savedrequest.RequestCacheAwareFilter@517b7895, org.springframework.security.web.servletapi.SecurityContextHolderAwareRequestFilter@ae6fa22, org.springframework.security.web.authentication.AnonymousAuthenticationFilter@4da8bd5a, org.springframework.security.web.session.SessionManagementFilter@70a0a56c, org.springframework.security.web.access.ExceptionTranslationFilter@6dc631be, org.springframework.security.web.access.intercept.AuthorizationFilter@27510943]
2024-06-11 14:04:39,277 INFO  [restartedMain] org.springframework.boot.devtools.autoconfigure.OptionalLiveReloadServer:LiveReload server is running on port 35729
2024-06-11 14:04:39,407 INFO  [restartedMain] org.springframework.boot.web.embedded.tomcat.TomcatWebServer:Tomcat started on port 8080 (http) with context path ''
2024-06-11 14:04:39,438 INFO  [restartedMain] com.adem.GreenrentApplication:Started GreenrentApplication in 14.168 seconds (process running for 15.621)
2024-06-11 14:04:40,189 INFO  [RMI TCP Connection(4)-127.0.0.1] org.apache.catalina.core.ContainerBase.[Tomcat].[localhost].[/]:Initializing Spring DispatcherServlet 'dispatcherServlet'
2024-06-11 14:05:23,790 ERROR [http-nio-8080-exec-1] com.adem.exception.GreenrentExceptionHandler:User with email abdullah12@gmail.com not found
2024-06-11 14:05:23,819 WARN  [http-nio-8080-exec-1] org.springframework.web.servlet.mvc.method.annotation.ExceptionHandlerExceptionResolver:Resolved [org.springframework.security.authentication.InternalAuthenticationServiceException: User with email abdullah12@gmail.com not found]
2024-06-11 14:07:41,033 ERROR [http-nio-8080-exec-5] com.adem.exception.GreenrentExceptionHandler:The given id must not be null
2024-06-11 14:07:41,038 WARN  [http-nio-8080-exec-5] org.springframework.web.servlet.mvc.method.annotation.ExceptionHandlerExceptionResolver:Resolved [org.springframework.dao.InvalidDataAccessApiUsageException: The given id must not be null]
2024-06-11 14:08:06,883 INFO  [RMI TCP Connection(9)-127.0.0.1] org.springframework.boot.admin.SpringApplicationAdminMXBeanRegistrar$SpringApplicationAdmin:Application shutdown requested.
2024-06-11 14:08:06,923 INFO  [RMI TCP Connection(9)-127.0.0.1] org.springframework.orm.jpa.LocalContainerEntityManagerFactoryBean:Closing JPA EntityManagerFactory for persistence unit 'default'
2024-06-11 14:08:06,930 INFO  [RMI TCP Connection(9)-127.0.0.1] com.zaxxer.hikari.HikariDataSource:HikariPool-1 - Shutdown initiated...
2024-06-11 14:08:06,950 INFO  [RMI TCP Connection(9)-127.0.0.1] com.zaxxer.hikari.HikariDataSource:HikariPool-1 - Shutdown completed.
2024-06-11 14:10:26,075 INFO  [restartedMain] com.adem.GreenrentApplication:Starting GreenrentApplication using Java 18.0.1.1 with PID 840 (C:\Development\sls\workspaceSls\greenRent\target\classes started by dell in C:\Development\sls\workspaceSls\greenRent)
2024-06-11 14:10:26,079 INFO  [restartedMain] com.adem.GreenrentApplication:No active profile set, falling back to 1 default profile: "default"
2024-06-11 14:10:26,179 INFO  [restartedMain] org.springframework.boot.devtools.env.DevToolsPropertyDefaultsPostProcessor:Devtools property defaults active! Set 'spring.devtools.add-properties' to 'false' to disable
2024-06-11 14:10:26,180 INFO  [restartedMain] org.springframework.boot.devtools.env.DevToolsPropertyDefaultsPostProcessor:For additional web related logging consider setting the 'logging.level.web' property to 'DEBUG'
2024-06-11 14:10:27,866 INFO  [restartedMain] org.springframework.data.repository.config.RepositoryConfigurationDelegate:Bootstrapping Spring Data JPA repositories in DEFAULT mode.
2024-06-11 14:10:27,978 INFO  [restartedMain] org.springframework.data.repository.config.RepositoryConfigurationDelegate:Finished Spring Data repository scanning in 99 ms. Found 3 JPA repository interfaces.
2024-06-11 14:10:29,308 INFO  [restartedMain] org.springframework.boot.web.embedded.tomcat.TomcatWebServer:Tomcat initialized with port 8080 (http)
2024-06-11 14:10:29,332 INFO  [restartedMain] org.apache.catalina.core.StandardService:Starting service [Tomcat]
2024-06-11 14:10:29,333 INFO  [restartedMain] org.apache.catalina.core.StandardEngine:Starting Servlet engine: [Apache Tomcat/10.1.20]
2024-06-11 14:10:29,453 INFO  [restartedMain] org.apache.catalina.core.ContainerBase.[Tomcat].[localhost].[/]:Initializing Spring embedded WebApplicationContext
2024-06-11 14:10:29,454 INFO  [restartedMain] org.springframework.boot.web.servlet.context.ServletWebServerApplicationContext:Root WebApplicationContext: initialization completed in 3271 ms
2024-06-11 14:10:29,976 INFO  [restartedMain] org.hibernate.jpa.internal.util.LogHelper:HHH000204: Processing PersistenceUnitInfo [name: default]
2024-06-11 14:10:30,184 INFO  [restartedMain] org.hibernate.Version:HHH000412: Hibernate ORM core version 6.4.4.Final
2024-06-11 14:10:30,294 INFO  [restartedMain] org.hibernate.cache.internal.RegionFactoryInitiator:HHH000026: Second-level cache disabled
2024-06-11 14:10:30,805 INFO  [restartedMain] org.springframework.orm.jpa.persistenceunit.SpringPersistenceUnitInfo:No LoadTimeWeaver setup: ignoring JPA class transformer
2024-06-11 14:10:30,884 INFO  [restartedMain] com.zaxxer.hikari.HikariDataSource:HikariPool-1 - Starting...
2024-06-11 14:10:31,282 INFO  [restartedMain] com.zaxxer.hikari.pool.HikariPool:HikariPool-1 - Added connection org.postgresql.jdbc.PgConnection@58f3ece1
2024-06-11 14:10:31,286 INFO  [restartedMain] com.zaxxer.hikari.HikariDataSource:HikariPool-1 - Start completed.
2024-06-11 14:10:31,375 WARN  [restartedMain] org.hibernate.orm.deprecation:HHH90000025: PostgreSQLDialect does not need to be specified explicitly using 'hibernate.dialect' (remove the property setting and it will be selected by default)
2024-06-11 14:10:33,254 INFO  [restartedMain] org.hibernate.engine.transaction.jta.platform.internal.JtaPlatformInitiator:HHH000489: No JTA platform available (set 'hibernate.transaction.jta.platform' to enable JTA platform integration)
2024-06-11 14:10:33,439 INFO  [restartedMain] org.springframework.orm.jpa.LocalContainerEntityManagerFactoryBean:Initialized JPA EntityManagerFactory for persistence unit 'default'
2024-06-11 14:10:34,350 WARN  [restartedMain] org.springframework.boot.autoconfigure.orm.jpa.JpaBaseConfiguration$JpaWebConfiguration:spring.jpa.open-in-view is enabled by default. Therefore, database queries may be performed during view rendering. Explicitly configure spring.jpa.open-in-view to disable this warning
2024-06-11 14:10:36,323 INFO  [restartedMain] org.springframework.boot.actuate.endpoint.web.EndpointLinksResolver:Exposing 1 endpoint(s) beneath base path '/actuator'
2024-06-11 14:10:36,468 INFO  [restartedMain] org.springframework.security.web.DefaultSecurityFilterChain:Will secure any request with [org.springframework.security.web.session.DisableEncodeUrlFilter@602855df, org.springframework.security.web.context.request.async.WebAsyncManagerIntegrationFilter@36bc152c, org.springframework.security.web.context.SecurityContextHolderFilter@25fc574e, org.springframework.security.web.header.HeaderWriterFilter@7a1cd2d5, org.springframework.web.filter.CorsFilter@508a8186, org.springframework.security.web.authentication.logout.LogoutFilter@49bba29e, com.adem.security.jwt.AuthTokenFilter@4b32390a, org.springframework.security.web.savedrequest.RequestCacheAwareFilter@61249f89, org.springframework.security.web.servletapi.SecurityContextHolderAwareRequestFilter@4934c322, org.springframework.security.web.authentication.AnonymousAuthenticationFilter@88aa97c, org.springframework.security.web.session.SessionManagementFilter@4d3b9580, org.springframework.security.web.access.ExceptionTranslationFilter@386c0103, org.springframework.security.web.access.intercept.AuthorizationFilter@6d46cf38]
2024-06-11 14:10:37,376 INFO  [restartedMain] org.springframework.boot.devtools.autoconfigure.OptionalLiveReloadServer:LiveReload server is running on port 35729
2024-06-11 14:10:37,511 INFO  [restartedMain] org.springframework.boot.web.embedded.tomcat.TomcatWebServer:Tomcat started on port 8080 (http) with context path ''
2024-06-11 14:10:37,543 INFO  [restartedMain] com.adem.GreenrentApplication:Started GreenrentApplication in 12.178 seconds (process running for 13.574)
2024-06-11 14:10:39,255 INFO  [RMI TCP Connection(4)-127.0.0.1] org.apache.catalina.core.ContainerBase.[Tomcat].[localhost].[/]:Initializing Spring DispatcherServlet 'dispatcherServlet'
2024-06-11 14:11:12,379 ERROR [http-nio-8080-exec-3] com.adem.exception.GreenrentExceptionHandler:The given id must not be null
2024-06-11 14:11:12,392 WARN  [http-nio-8080-exec-3] org.springframework.web.servlet.mvc.method.annotation.ExceptionHandlerExceptionResolver:Resolved [org.springframework.dao.InvalidDataAccessApiUsageException: The given id must not be null]
2024-06-11 14:13:51,110 ERROR [http-nio-8080-exec-8] com.adem.exception.GreenrentExceptionHandler:The given id must not be null
2024-06-11 14:13:51,115 WARN  [http-nio-8080-exec-8] org.springframework.web.servlet.mvc.method.annotation.ExceptionHandlerExceptionResolver:Resolved [org.springframework.dao.InvalidDataAccessApiUsageException: The given id must not be null]
2024-06-11 14:15:23,690 INFO  [File Watcher] org.springframework.boot.devtools.autoconfigure.LocalDevToolsAutoConfiguration$RestartingClassPathChangeChangedEventListener:Restarting due to 2 class path changes (0 additions, 0 deletions, 2 modifications)
2024-06-11 14:15:23,719 INFO  [Thread-5] org.springframework.orm.jpa.LocalContainerEntityManagerFactoryBean:Closing JPA EntityManagerFactory for persistence unit 'default'
2024-06-11 14:15:23,725 INFO  [Thread-5] com.zaxxer.hikari.HikariDataSource:HikariPool-1 - Shutdown initiated...
2024-06-11 14:15:23,743 INFO  [Thread-5] com.zaxxer.hikari.HikariDataSource:HikariPool-1 - Shutdown completed.
2024-06-11 14:15:24,023 INFO  [restartedMain] com.adem.GreenrentApplication:Starting GreenrentApplication using Java 18.0.1.1 with PID 840 (C:\Development\sls\workspaceSls\greenRent\target\classes started by dell in C:\Development\sls\workspaceSls\greenRent)
2024-06-11 14:15:24,024 INFO  [restartedMain] com.adem.GreenrentApplication:No active profile set, falling back to 1 default profile: "default"
2024-06-11 14:15:24,634 INFO  [restartedMain] org.springframework.data.repository.config.RepositoryConfigurationDelegate:Bootstrapping Spring Data JPA repositories in DEFAULT mode.
2024-06-11 14:15:24,674 INFO  [restartedMain] org.springframework.data.repository.config.RepositoryConfigurationDelegate:Finished Spring Data repository scanning in 38 ms. Found 3 JPA repository interfaces.
2024-06-11 14:15:24,995 INFO  [restartedMain] org.springframework.boot.web.embedded.tomcat.TomcatWebServer:Tomcat initialized with port 8080 (http)
2024-06-11 14:15:24,998 INFO  [restartedMain] org.apache.catalina.core.StandardService:Starting service [Tomcat]
2024-06-11 14:15:24,998 INFO  [restartedMain] org.apache.catalina.core.StandardEngine:Starting Servlet engine: [Apache Tomcat/10.1.20]
2024-06-11 14:15:25,038 INFO  [restartedMain] org.apache.catalina.core.ContainerBase.[Tomcat].[localhost].[/]:Initializing Spring embedded WebApplicationContext
2024-06-11 14:15:25,038 INFO  [restartedMain] org.springframework.boot.web.servlet.context.ServletWebServerApplicationContext:Root WebApplicationContext: initialization completed in 1009 ms
2024-06-11 14:15:25,269 INFO  [restartedMain] org.hibernate.jpa.internal.util.LogHelper:HHH000204: Processing PersistenceUnitInfo [name: default]
2024-06-11 14:15:25,277 INFO  [restartedMain] org.hibernate.cache.internal.RegionFactoryInitiator:HHH000026: Second-level cache disabled
2024-06-11 14:15:25,288 INFO  [restartedMain] org.springframework.orm.jpa.persistenceunit.SpringPersistenceUnitInfo:No LoadTimeWeaver setup: ignoring JPA class transformer
2024-06-11 14:15:25,291 INFO  [restartedMain] com.zaxxer.hikari.HikariDataSource:HikariPool-2 - Starting...
2024-06-11 14:15:25,381 INFO  [restartedMain] com.zaxxer.hikari.pool.HikariPool:HikariPool-2 - Added connection org.postgresql.jdbc.PgConnection@4d9fde73
2024-06-11 14:15:25,381 INFO  [restartedMain] com.zaxxer.hikari.HikariDataSource:HikariPool-2 - Start completed.
2024-06-11 14:15:25,394 WARN  [restartedMain] org.hibernate.orm.deprecation:HHH90000025: PostgreSQLDialect does not need to be specified explicitly using 'hibernate.dialect' (remove the property setting and it will be selected by default)
2024-06-11 14:15:25,579 INFO  [restartedMain] org.hibernate.engine.transaction.jta.platform.internal.JtaPlatformInitiator:HHH000489: No JTA platform available (set 'hibernate.transaction.jta.platform' to enable JTA platform integration)
2024-06-11 14:15:25,708 INFO  [restartedMain] org.springframework.orm.jpa.LocalContainerEntityManagerFactoryBean:Initialized JPA EntityManagerFactory for persistence unit 'default'
2024-06-11 14:15:26,286 WARN  [restartedMain] org.springframework.boot.autoconfigure.orm.jpa.JpaBaseConfiguration$JpaWebConfiguration:spring.jpa.open-in-view is enabled by default. Therefore, database queries may be performed during view rendering. Explicitly configure spring.jpa.open-in-view to disable this warning
2024-06-11 14:15:27,501 INFO  [restartedMain] org.springframework.boot.actuate.endpoint.web.EndpointLinksResolver:Exposing 1 endpoint(s) beneath base path '/actuator'
2024-06-11 14:15:27,589 INFO  [restartedMain] org.springframework.security.web.DefaultSecurityFilterChain:Will secure any request with [org.springframework.security.web.session.DisableEncodeUrlFilter@600b739a, org.springframework.security.web.context.request.async.WebAsyncManagerIntegrationFilter@735da374, org.springframework.security.web.context.SecurityContextHolderFilter@43af496d, org.springframework.security.web.header.HeaderWriterFilter@53993a1d, org.springframework.web.filter.CorsFilter@b515951, org.springframework.security.web.authentication.logout.LogoutFilter@3dded29d, com.adem.security.jwt.AuthTokenFilter@5f3e850f, org.springframework.security.web.savedrequest.RequestCacheAwareFilter@40111ce9, org.springframework.security.web.servletapi.SecurityContextHolderAwareRequestFilter@473b2b28, org.springframework.security.web.authentication.AnonymousAuthenticationFilter@5942f83d, org.springframework.security.web.session.SessionManagementFilter@72270c07, org.springframework.security.web.access.ExceptionTranslationFilter@63529c04, org.springframework.security.web.access.intercept.AuthorizationFilter@468aa9f6]
2024-06-11 14:15:28,049 INFO  [restartedMain] org.springframework.boot.devtools.autoconfigure.OptionalLiveReloadServer:LiveReload server is running on port 35729
2024-06-11 14:15:28,088 INFO  [restartedMain] org.springframework.boot.web.embedded.tomcat.TomcatWebServer:Tomcat started on port 8080 (http) with context path ''
2024-06-11 14:15:28,102 INFO  [restartedMain] com.adem.GreenrentApplication:Started GreenrentApplication in 4.171 seconds (process running for 304.133)
2024-06-11 14:15:28,108 INFO  [restartedMain] org.springframework.boot.devtools.autoconfigure.ConditionEvaluationDeltaLoggingListener:Condition evaluation unchanged
2024-06-11 14:15:33,602 INFO  [File Watcher] org.springframework.boot.devtools.autoconfigure.LocalDevToolsAutoConfiguration$RestartingClassPathChangeChangedEventListener:Restarting due to 1 class path change (0 additions, 0 deletions, 1 modification)
2024-06-11 14:15:33,625 INFO  [Thread-7] org.springframework.orm.jpa.LocalContainerEntityManagerFactoryBean:Closing JPA EntityManagerFactory for persistence unit 'default'
2024-06-11 14:15:33,626 INFO  [Thread-7] com.zaxxer.hikari.HikariDataSource:HikariPool-2 - Shutdown initiated...
2024-06-11 14:15:33,637 INFO  [Thread-7] com.zaxxer.hikari.HikariDataSource:HikariPool-2 - Shutdown completed.
2024-06-11 14:15:33,828 INFO  [restartedMain] com.adem.GreenrentApplication:Starting GreenrentApplication using Java 18.0.1.1 with PID 840 (C:\Development\sls\workspaceSls\greenRent\target\classes started by dell in C:\Development\sls\workspaceSls\greenRent)
2024-06-11 14:15:33,828 INFO  [restartedMain] com.adem.GreenrentApplication:No active profile set, falling back to 1 default profile: "default"
2024-06-11 14:15:34,616 INFO  [restartedMain] org.springframework.data.repository.config.RepositoryConfigurationDelegate:Bootstrapping Spring Data JPA repositories in DEFAULT mode.
2024-06-11 14:15:34,663 INFO  [restartedMain] org.springframework.data.repository.config.RepositoryConfigurationDelegate:Finished Spring Data repository scanning in 46 ms. Found 3 JPA repository interfaces.
2024-06-11 14:15:35,072 INFO  [restartedMain] org.springframework.boot.web.embedded.tomcat.TomcatWebServer:Tomcat initialized with port 8080 (http)
2024-06-11 14:15:35,074 INFO  [restartedMain] org.apache.catalina.core.StandardService:Starting service [Tomcat]
2024-06-11 14:15:35,074 INFO  [restartedMain] org.apache.catalina.core.StandardEngine:Starting Servlet engine: [Apache Tomcat/10.1.20]
2024-06-11 14:15:35,129 INFO  [restartedMain] org.apache.catalina.core.ContainerBase.[Tomcat].[localhost].[/]:Initializing Spring embedded WebApplicationContext
2024-06-11 14:15:35,129 INFO  [restartedMain] org.springframework.boot.web.servlet.context.ServletWebServerApplicationContext:Root WebApplicationContext: initialization completed in 1297 ms
2024-06-11 14:15:35,369 INFO  [restartedMain] org.hibernate.jpa.internal.util.LogHelper:HHH000204: Processing PersistenceUnitInfo [name: default]
2024-06-11 14:15:35,377 INFO  [restartedMain] org.hibernate.cache.internal.RegionFactoryInitiator:HHH000026: Second-level cache disabled
2024-06-11 14:15:35,387 INFO  [restartedMain] org.springframework.orm.jpa.persistenceunit.SpringPersistenceUnitInfo:No LoadTimeWeaver setup: ignoring JPA class transformer
2024-06-11 14:15:35,389 INFO  [restartedMain] com.zaxxer.hikari.HikariDataSource:HikariPool-3 - Starting...
2024-06-11 14:15:35,469 INFO  [restartedMain] com.zaxxer.hikari.pool.HikariPool:HikariPool-3 - Added connection org.postgresql.jdbc.PgConnection@25200898
2024-06-11 14:15:35,469 INFO  [restartedMain] com.zaxxer.hikari.HikariDataSource:HikariPool-3 - Start completed.
2024-06-11 14:15:35,480 WARN  [restartedMain] org.hibernate.orm.deprecation:HHH90000025: PostgreSQLDialect does not need to be specified explicitly using 'hibernate.dialect' (remove the property setting and it will be selected by default)
2024-06-11 14:15:35,682 INFO  [restartedMain] org.hibernate.engine.transaction.jta.platform.internal.JtaPlatformInitiator:HHH000489: No JTA platform available (set 'hibernate.transaction.jta.platform' to enable JTA platform integration)
2024-06-11 14:15:35,812 INFO  [restartedMain] org.springframework.orm.jpa.LocalContainerEntityManagerFactoryBean:Initialized JPA EntityManagerFactory for persistence unit 'default'
2024-06-11 14:15:36,434 WARN  [restartedMain] org.springframework.boot.autoconfigure.orm.jpa.JpaBaseConfiguration$JpaWebConfiguration:spring.jpa.open-in-view is enabled by default. Therefore, database queries may be performed during view rendering. Explicitly configure spring.jpa.open-in-view to disable this warning
2024-06-11 14:15:37,461 INFO  [restartedMain] org.springframework.boot.actuate.endpoint.web.EndpointLinksResolver:Exposing 1 endpoint(s) beneath base path '/actuator'
2024-06-11 14:15:37,571 INFO  [restartedMain] org.springframework.security.web.DefaultSecurityFilterChain:Will secure any request with [org.springframework.security.web.session.DisableEncodeUrlFilter@3503bfad, org.springframework.security.web.context.request.async.WebAsyncManagerIntegrationFilter@49798788, org.springframework.security.web.context.SecurityContextHolderFilter@1ce01ee5, org.springframework.security.web.header.HeaderWriterFilter@5ae479f7, org.springframework.web.filter.CorsFilter@ceea968, org.springframework.security.web.authentication.logout.LogoutFilter@7f90e678, com.adem.security.jwt.AuthTokenFilter@37f74d7, org.springframework.security.web.savedrequest.RequestCacheAwareFilter@42455be0, org.springframework.security.web.servletapi.SecurityContextHolderAwareRequestFilter@3d4cffad, org.springframework.security.web.authentication.AnonymousAuthenticationFilter@49036891, org.springframework.security.web.session.SessionManagementFilter@a57d173, org.springframework.security.web.access.ExceptionTranslationFilter@279e0cfd, org.springframework.security.web.access.intercept.AuthorizationFilter@660340ad]
2024-06-11 14:15:38,060 INFO  [restartedMain] org.springframework.boot.devtools.autoconfigure.OptionalLiveReloadServer:LiveReload server is running on port 35729
2024-06-11 14:15:38,102 INFO  [restartedMain] org.springframework.boot.web.embedded.tomcat.TomcatWebServer:Tomcat started on port 8080 (http) with context path ''
2024-06-11 14:15:38,118 INFO  [restartedMain] com.adem.GreenrentApplication:Started GreenrentApplication in 4.348 seconds (process running for 314.149)
2024-06-11 14:15:38,122 INFO  [restartedMain] org.springframework.boot.devtools.autoconfigure.ConditionEvaluationDeltaLoggingListener:Condition evaluation unchanged
2024-06-11 14:15:45,943 INFO  [http-nio-8080-exec-2] org.apache.catalina.core.ContainerBase.[Tomcat].[localhost].[/]:Initializing Spring DispatcherServlet 'dispatcherServlet'
2024-06-11 14:16:01,619 ERROR [http-nio-8080-exec-3] com.adem.exception.GreenrentExceptionHandler:The given id must not be null
2024-06-11 14:16:01,626 WARN  [http-nio-8080-exec-3] org.springframework.web.servlet.mvc.method.annotation.ExceptionHandlerExceptionResolver:Resolved [org.springframework.dao.InvalidDataAccessApiUsageException: The given id must not be null]
2024-06-11 14:24:44,495 INFO  [File Watcher] org.springframework.boot.devtools.autoconfigure.LocalDevToolsAutoConfiguration$RestartingClassPathChangeChangedEventListener:Restarting due to 1 class path change (0 additions, 0 deletions, 1 modification)
2024-06-11 14:24:44,517 INFO  [Thread-11] org.springframework.orm.jpa.LocalContainerEntityManagerFactoryBean:Closing JPA EntityManagerFactory for persistence unit 'default'
2024-06-11 14:24:44,518 INFO  [Thread-11] com.zaxxer.hikari.HikariDataSource:HikariPool-3 - Shutdown initiated...
2024-06-11 14:24:44,528 INFO  [Thread-11] com.zaxxer.hikari.HikariDataSource:HikariPool-3 - Shutdown completed.
2024-06-11 14:24:44,697 INFO  [restartedMain] com.adem.GreenrentApplication:Starting GreenrentApplication using Java 18.0.1.1 with PID 840 (C:\Development\sls\workspaceSls\greenRent\target\classes started by dell in C:\Development\sls\workspaceSls\greenRent)
2024-06-11 14:24:44,698 INFO  [restartedMain] com.adem.GreenrentApplication:No active profile set, falling back to 1 default profile: "default"
2024-06-11 14:24:45,200 INFO  [restartedMain] org.springframework.data.repository.config.RepositoryConfigurationDelegate:Bootstrapping Spring Data JPA repositories in DEFAULT mode.
2024-06-11 14:24:45,238 INFO  [restartedMain] org.springframework.data.repository.config.RepositoryConfigurationDelegate:Finished Spring Data repository scanning in 37 ms. Found 3 JPA repository interfaces.
2024-06-11 14:24:45,493 INFO  [restartedMain] org.springframework.boot.web.embedded.tomcat.TomcatWebServer:Tomcat initialized with port 8080 (http)
2024-06-11 14:24:45,494 INFO  [restartedMain] org.apache.catalina.core.StandardService:Starting service [Tomcat]
2024-06-11 14:24:45,494 INFO  [restartedMain] org.apache.catalina.core.StandardEngine:Starting Servlet engine: [Apache Tomcat/10.1.20]
2024-06-11 14:24:45,527 INFO  [restartedMain] org.apache.catalina.core.ContainerBase.[Tomcat].[localhost].[/]:Initializing Spring embedded WebApplicationContext
2024-06-11 14:24:45,528 INFO  [restartedMain] org.springframework.boot.web.servlet.context.ServletWebServerApplicationContext:Root WebApplicationContext: initialization completed in 826 ms
2024-06-11 14:24:45,737 INFO  [restartedMain] org.hibernate.jpa.internal.util.LogHelper:HHH000204: Processing PersistenceUnitInfo [name: default]
2024-06-11 14:24:45,745 INFO  [restartedMain] org.hibernate.cache.internal.RegionFactoryInitiator:HHH000026: Second-level cache disabled
2024-06-11 14:24:45,756 INFO  [restartedMain] org.springframework.orm.jpa.persistenceunit.SpringPersistenceUnitInfo:No LoadTimeWeaver setup: ignoring JPA class transformer
2024-06-11 14:24:45,758 INFO  [restartedMain] com.zaxxer.hikari.HikariDataSource:HikariPool-4 - Starting...
2024-06-11 14:24:45,842 INFO  [restartedMain] com.zaxxer.hikari.pool.HikariPool:HikariPool-4 - Added connection org.postgresql.jdbc.PgConnection@2b7ec32e
2024-06-11 14:24:45,843 INFO  [restartedMain] com.zaxxer.hikari.HikariDataSource:HikariPool-4 - Start completed.
2024-06-11 14:24:45,855 WARN  [restartedMain] org.hibernate.orm.deprecation:HHH90000025: PostgreSQLDialect does not need to be specified explicitly using 'hibernate.dialect' (remove the property setting and it will be selected by default)
2024-06-11 14:24:45,970 INFO  [restartedMain] org.hibernate.engine.transaction.jta.platform.internal.JtaPlatformInitiator:HHH000489: No JTA platform available (set 'hibernate.transaction.jta.platform' to enable JTA platform integration)
2024-06-11 14:24:46,047 INFO  [restartedMain] org.springframework.orm.jpa.LocalContainerEntityManagerFactoryBean:Initialized JPA EntityManagerFactory for persistence unit 'default'
2024-06-11 14:24:46,510 WARN  [restartedMain] org.springframework.boot.autoconfigure.orm.jpa.JpaBaseConfiguration$JpaWebConfiguration:spring.jpa.open-in-view is enabled by default. Therefore, database queries may be performed during view rendering. Explicitly configure spring.jpa.open-in-view to disable this warning
2024-06-11 14:24:47,462 INFO  [restartedMain] org.springframework.boot.actuate.endpoint.web.EndpointLinksResolver:Exposing 1 endpoint(s) beneath base path '/actuator'
2024-06-11 14:24:47,547 INFO  [restartedMain] org.springframework.security.web.DefaultSecurityFilterChain:Will secure any request with [org.springframework.security.web.session.DisableEncodeUrlFilter@5f787f45, org.springframework.security.web.context.request.async.WebAsyncManagerIntegrationFilter@182c3853, org.springframework.security.web.context.SecurityContextHolderFilter@1ee102e, org.springframework.security.web.header.HeaderWriterFilter@2d4cb931, org.springframework.web.filter.CorsFilter@7b2db5f4, org.springframework.security.web.authentication.logout.LogoutFilter@147ea795, com.adem.security.jwt.AuthTokenFilter@3ccfe191, org.springframework.security.web.savedrequest.RequestCacheAwareFilter@102c1583, org.springframework.security.web.servletapi.SecurityContextHolderAwareRequestFilter@33e4d27c, org.springframework.security.web.authentication.AnonymousAuthenticationFilter@5a2f0e09, org.springframework.security.web.session.SessionManagementFilter@11c777d8, org.springframework.security.web.access.ExceptionTranslationFilter@37c43652, org.springframework.security.web.access.intercept.AuthorizationFilter@30eeffb6]
2024-06-11 14:24:47,950 INFO  [restartedMain] org.springframework.boot.devtools.autoconfigure.OptionalLiveReloadServer:LiveReload server is running on port 35729
2024-06-11 14:24:47,983 INFO  [restartedMain] org.springframework.boot.web.embedded.tomcat.TomcatWebServer:Tomcat started on port 8080 (http) with context path ''
2024-06-11 14:24:47,997 INFO  [restartedMain] com.adem.GreenrentApplication:Started GreenrentApplication in 3.349 seconds (process running for 864.029)
2024-06-11 14:24:48,003 INFO  [restartedMain] org.springframework.boot.devtools.autoconfigure.ConditionEvaluationDeltaLoggingListener:Condition evaluation unchanged
2024-06-11 14:27:47,613 INFO  [File Watcher] org.springframework.boot.devtools.autoconfigure.LocalDevToolsAutoConfiguration$RestartingClassPathChangeChangedEventListener:Restarting due to 2 class path changes (0 additions, 0 deletions, 2 modifications)
2024-06-11 14:27:47,634 INFO  [Thread-15] org.springframework.orm.jpa.LocalContainerEntityManagerFactoryBean:Closing JPA EntityManagerFactory for persistence unit 'default'
2024-06-11 14:27:47,636 INFO  [Thread-15] com.zaxxer.hikari.HikariDataSource:HikariPool-4 - Shutdown initiated...
2024-06-11 14:27:47,649 INFO  [Thread-15] com.zaxxer.hikari.HikariDataSource:HikariPool-4 - Shutdown completed.
2024-06-11 14:27:47,801 INFO  [restartedMain] com.adem.GreenrentApplication:Starting GreenrentApplication using Java 18.0.1.1 with PID 840 (C:\Development\sls\workspaceSls\greenRent\target\classes started by dell in C:\Development\sls\workspaceSls\greenRent)
2024-06-11 14:27:47,802 INFO  [restartedMain] com.adem.GreenrentApplication:No active profile set, falling back to 1 default profile: "default"
2024-06-11 14:27:48,301 INFO  [restartedMain] org.springframework.data.repository.config.RepositoryConfigurationDelegate:Bootstrapping Spring Data JPA repositories in DEFAULT mode.
2024-06-11 14:27:48,336 INFO  [restartedMain] org.springframework.data.repository.config.RepositoryConfigurationDelegate:Finished Spring Data repository scanning in 34 ms. Found 3 JPA repository interfaces.
2024-06-11 14:27:48,598 INFO  [restartedMain] org.springframework.boot.web.embedded.tomcat.TomcatWebServer:Tomcat initialized with port 8080 (http)
2024-06-11 14:27:48,599 INFO  [restartedMain] org.apache.catalina.core.StandardService:Starting service [Tomcat]
2024-06-11 14:27:48,600 INFO  [restartedMain] org.apache.catalina.core.StandardEngine:Starting Servlet engine: [Apache Tomcat/10.1.20]
2024-06-11 14:27:48,641 INFO  [restartedMain] org.apache.catalina.core.ContainerBase.[Tomcat].[localhost].[/]:Initializing Spring embedded WebApplicationContext
2024-06-11 14:27:48,641 INFO  [restartedMain] org.springframework.boot.web.servlet.context.ServletWebServerApplicationContext:Root WebApplicationContext: initialization completed in 835 ms
2024-06-11 14:27:48,846 INFO  [restartedMain] org.hibernate.jpa.internal.util.LogHelper:HHH000204: Processing PersistenceUnitInfo [name: default]
2024-06-11 14:27:48,853 INFO  [restartedMain] org.hibernate.cache.internal.RegionFactoryInitiator:HHH000026: Second-level cache disabled
2024-06-11 14:27:48,860 INFO  [restartedMain] org.springframework.orm.jpa.persistenceunit.SpringPersistenceUnitInfo:No LoadTimeWeaver setup: ignoring JPA class transformer
2024-06-11 14:27:48,863 INFO  [restartedMain] com.zaxxer.hikari.HikariDataSource:HikariPool-5 - Starting...
2024-06-11 14:27:48,935 INFO  [restartedMain] com.zaxxer.hikari.pool.HikariPool:HikariPool-5 - Added connection org.postgresql.jdbc.PgConnection@580c9826
2024-06-11 14:27:48,935 INFO  [restartedMain] com.zaxxer.hikari.HikariDataSource:HikariPool-5 - Start completed.
2024-06-11 14:27:48,947 WARN  [restartedMain] org.hibernate.orm.deprecation:HHH90000025: PostgreSQLDialect does not need to be specified explicitly using 'hibernate.dialect' (remove the property setting and it will be selected by default)
2024-06-11 14:27:49,180 INFO  [restartedMain] org.hibernate.engine.transaction.jta.platform.internal.JtaPlatformInitiator:HHH000489: No JTA platform available (set 'hibernate.transaction.jta.platform' to enable JTA platform integration)
2024-06-11 14:27:49,286 INFO  [restartedMain] org.springframework.orm.jpa.LocalContainerEntityManagerFactoryBean:Initialized JPA EntityManagerFactory for persistence unit 'default'
2024-06-11 14:27:49,871 WARN  [restartedMain] org.springframework.boot.autoconfigure.orm.jpa.JpaBaseConfiguration$JpaWebConfiguration:spring.jpa.open-in-view is enabled by default. Therefore, database queries may be performed during view rendering. Explicitly configure spring.jpa.open-in-view to disable this warning
2024-06-11 14:27:50,966 INFO  [restartedMain] org.springframework.boot.actuate.endpoint.web.EndpointLinksResolver:Exposing 1 endpoint(s) beneath base path '/actuator'
2024-06-11 14:27:51,054 INFO  [restartedMain] org.springframework.security.web.DefaultSecurityFilterChain:Will secure any request with [org.springframework.security.web.session.DisableEncodeUrlFilter@71be4ce6, org.springframework.security.web.context.request.async.WebAsyncManagerIntegrationFilter@ba3ecc6, org.springframework.security.web.context.SecurityContextHolderFilter@6bdee525, org.springframework.security.web.header.HeaderWriterFilter@4eba20de, org.springframework.web.filter.CorsFilter@5b08cbab, org.springframework.security.web.authentication.logout.LogoutFilter@b2bec7c, com.adem.security.jwt.AuthTokenFilter@73a1b678, org.springframework.security.web.savedrequest.RequestCacheAwareFilter@13bcd6d3, org.springframework.security.web.servletapi.SecurityContextHolderAwareRequestFilter@28c41a4e, org.springframework.security.web.authentication.AnonymousAuthenticationFilter@7a9a766e, org.springframework.security.web.session.SessionManagementFilter@666da910, org.springframework.security.web.access.ExceptionTranslationFilter@6ffab0f3, org.springframework.security.web.access.intercept.AuthorizationFilter@3729a9ce]
2024-06-11 14:27:51,621 INFO  [restartedMain] org.springframework.boot.devtools.autoconfigure.OptionalLiveReloadServer:LiveReload server is running on port 35729
2024-06-11 14:27:51,667 INFO  [restartedMain] org.springframework.boot.web.embedded.tomcat.TomcatWebServer:Tomcat started on port 8080 (http) with context path ''
2024-06-11 14:27:51,682 INFO  [restartedMain] com.adem.GreenrentApplication:Started GreenrentApplication in 3.928 seconds (process running for 1047.713)
2024-06-11 14:27:51,685 INFO  [restartedMain] org.springframework.boot.devtools.autoconfigure.ConditionEvaluationDeltaLoggingListener:Condition evaluation unchanged
2024-06-11 14:28:03,576 INFO  [http-nio-8080-exec-2] org.apache.catalina.core.ContainerBase.[Tomcat].[localhost].[/]:Initializing Spring DispatcherServlet 'dispatcherServlet'
2024-06-11 14:28:03,656 ERROR [http-nio-8080-exec-2] com.adem.exception.GreenrentExceptionHandler:The given id must not be null
2024-06-11 14:28:03,669 WARN  [http-nio-8080-exec-2] org.springframework.web.servlet.mvc.method.annotation.ExceptionHandlerExceptionResolver:Resolved [org.springframework.dao.InvalidDataAccessApiUsageException: The given id must not be null]
2024-06-11 14:28:24,335 ERROR [http-nio-8080-exec-5] com.adem.exception.GreenrentExceptionHandler:The given id must not be null
2024-06-11 14:28:24,337 WARN  [http-nio-8080-exec-5] org.springframework.web.servlet.mvc.method.annotation.ExceptionHandlerExceptionResolver:Resolved [org.springframework.dao.InvalidDataAccessApiUsageException: The given id must not be null]
2024-06-11 14:30:43,282 INFO  [File Watcher] org.springframework.boot.devtools.autoconfigure.LocalDevToolsAutoConfiguration$RestartingClassPathChangeChangedEventListener:Restarting due to 2 class path changes (0 additions, 0 deletions, 2 modifications)
2024-06-11 14:30:43,313 INFO  [Thread-19] org.springframework.orm.jpa.LocalContainerEntityManagerFactoryBean:Closing JPA EntityManagerFactory for persistence unit 'default'
2024-06-11 14:30:43,315 INFO  [Thread-19] com.zaxxer.hikari.HikariDataSource:HikariPool-5 - Shutdown initiated...
2024-06-11 14:30:43,328 INFO  [Thread-19] com.zaxxer.hikari.HikariDataSource:HikariPool-5 - Shutdown completed.
2024-06-11 14:30:43,518 INFO  [restartedMain] com.adem.GreenrentApplication:Starting GreenrentApplication using Java 18.0.1.1 with PID 840 (C:\Development\sls\workspaceSls\greenRent\target\classes started by dell in C:\Development\sls\workspaceSls\greenRent)
2024-06-11 14:30:43,520 INFO  [restartedMain] com.adem.GreenrentApplication:No active profile set, falling back to 1 default profile: "default"
2024-06-11 14:30:44,068 INFO  [restartedMain] org.springframework.data.repository.config.RepositoryConfigurationDelegate:Bootstrapping Spring Data JPA repositories in DEFAULT mode.
2024-06-11 14:30:44,100 INFO  [restartedMain] org.springframework.data.repository.config.RepositoryConfigurationDelegate:Finished Spring Data repository scanning in 31 ms. Found 3 JPA repository interfaces.
2024-06-11 14:30:44,516 INFO  [restartedMain] org.springframework.boot.web.embedded.tomcat.TomcatWebServer:Tomcat initialized with port 8080 (http)
2024-06-11 14:30:44,517 INFO  [restartedMain] org.apache.catalina.core.StandardService:Starting service [Tomcat]
2024-06-11 14:30:44,519 INFO  [restartedMain] org.apache.catalina.core.StandardEngine:Starting Servlet engine: [Apache Tomcat/10.1.20]
2024-06-11 14:30:44,572 INFO  [restartedMain] org.apache.catalina.core.ContainerBase.[Tomcat].[localhost].[/]:Initializing Spring embedded WebApplicationContext
2024-06-11 14:30:44,572 INFO  [restartedMain] org.springframework.boot.web.servlet.context.ServletWebServerApplicationContext:Root WebApplicationContext: initialization completed in 1048 ms
2024-06-11 14:30:44,790 INFO  [restartedMain] org.hibernate.jpa.internal.util.LogHelper:HHH000204: Processing PersistenceUnitInfo [name: default]
2024-06-11 14:30:44,796 INFO  [restartedMain] org.hibernate.cache.internal.RegionFactoryInitiator:HHH000026: Second-level cache disabled
2024-06-11 14:30:44,804 INFO  [restartedMain] org.springframework.orm.jpa.persistenceunit.SpringPersistenceUnitInfo:No LoadTimeWeaver setup: ignoring JPA class transformer
2024-06-11 14:30:44,806 INFO  [restartedMain] com.zaxxer.hikari.HikariDataSource:HikariPool-6 - Starting...
2024-06-11 14:30:44,878 INFO  [restartedMain] com.zaxxer.hikari.pool.HikariPool:HikariPool-6 - Added connection org.postgresql.jdbc.PgConnection@75a69acd
2024-06-11 14:30:44,879 INFO  [restartedMain] com.zaxxer.hikari.HikariDataSource:HikariPool-6 - Start completed.
2024-06-11 14:30:44,889 WARN  [restartedMain] org.hibernate.orm.deprecation:HHH90000025: PostgreSQLDialect does not need to be specified explicitly using 'hibernate.dialect' (remove the property setting and it will be selected by default)
2024-06-11 14:30:44,999 INFO  [restartedMain] org.hibernate.engine.transaction.jta.platform.internal.JtaPlatformInitiator:HHH000489: No JTA platform available (set 'hibernate.transaction.jta.platform' to enable JTA platform integration)
2024-06-11 14:30:45,098 INFO  [restartedMain] org.springframework.orm.jpa.LocalContainerEntityManagerFactoryBean:Initialized JPA EntityManagerFactory for persistence unit 'default'
2024-06-11 14:30:45,664 WARN  [restartedMain] org.springframework.boot.autoconfigure.orm.jpa.JpaBaseConfiguration$JpaWebConfiguration:spring.jpa.open-in-view is enabled by default. Therefore, database queries may be performed during view rendering. Explicitly configure spring.jpa.open-in-view to disable this warning
2024-06-11 14:30:46,727 INFO  [restartedMain] org.springframework.boot.actuate.endpoint.web.EndpointLinksResolver:Exposing 1 endpoint(s) beneath base path '/actuator'
2024-06-11 14:30:46,829 INFO  [restartedMain] org.springframework.security.web.DefaultSecurityFilterChain:Will secure any request with [org.springframework.security.web.session.DisableEncodeUrlFilter@51a32cab, org.springframework.security.web.context.request.async.WebAsyncManagerIntegrationFilter@be8b633, org.springframework.security.web.context.SecurityContextHolderFilter@36689660, org.springframework.security.web.header.HeaderWriterFilter@84f0ced, org.springframework.web.filter.CorsFilter@432c0152, org.springframework.security.web.authentication.logout.LogoutFilter@2ed00e02, com.adem.security.jwt.AuthTokenFilter@593e84f, org.springframework.security.web.savedrequest.RequestCacheAwareFilter@3df717b5, org.springframework.security.web.servletapi.SecurityContextHolderAwareRequestFilter@7c451f94, org.springframework.security.web.authentication.AnonymousAuthenticationFilter@2bb13cd0, org.springframework.security.web.session.SessionManagementFilter@1a46334d, org.springframework.security.web.access.ExceptionTranslationFilter@5e480521, org.springframework.security.web.access.intercept.AuthorizationFilter@1d58e92d]
2024-06-11 14:30:47,258 INFO  [restartedMain] org.springframework.boot.devtools.autoconfigure.OptionalLiveReloadServer:LiveReload server is running on port 35729
2024-06-11 14:30:47,294 INFO  [restartedMain] org.springframework.boot.web.embedded.tomcat.TomcatWebServer:Tomcat started on port 8080 (http) with context path ''
2024-06-11 14:30:47,308 INFO  [restartedMain] com.adem.GreenrentApplication:Started GreenrentApplication in 3.842 seconds (process running for 1223.339)
2024-06-11 14:30:47,333 INFO  [restartedMain] org.springframework.boot.devtools.autoconfigure.ConditionEvaluationDeltaLoggingListener:Condition evaluation unchanged
2024-06-11 14:31:05,743 INFO  [http-nio-8080-exec-2] org.apache.catalina.core.ContainerBase.[Tomcat].[localhost].[/]:Initializing Spring DispatcherServlet 'dispatcherServlet'
2024-06-11 14:31:05,832 ERROR [http-nio-8080-exec-2] com.adem.exception.GreenrentExceptionHandler:The given id must not be null
2024-06-11 14:31:05,840 WARN  [http-nio-8080-exec-2] org.springframework.web.servlet.mvc.method.annotation.ExceptionHandlerExceptionResolver:Resolved [org.springframework.dao.InvalidDataAccessApiUsageException: The given id must not be null]
2024-06-11 14:31:23,734 ERROR [http-nio-8080-exec-5] com.adem.exception.GreenrentExceptionHandler:The given id must not be null
2024-06-11 14:31:23,738 WARN  [http-nio-8080-exec-5] org.springframework.web.servlet.mvc.method.annotation.ExceptionHandlerExceptionResolver:Resolved [org.springframework.dao.InvalidDataAccessApiUsageException: The given id must not be null]
2024-06-11 14:32:58,951 INFO  [File Watcher] org.springframework.boot.devtools.autoconfigure.LocalDevToolsAutoConfiguration$RestartingClassPathChangeChangedEventListener:Restarting due to 2 class path changes (0 additions, 0 deletions, 2 modifications)
2024-06-11 14:32:58,983 INFO  [Thread-23] org.springframework.orm.jpa.LocalContainerEntityManagerFactoryBean:Closing JPA EntityManagerFactory for persistence unit 'default'
2024-06-11 14:32:58,986 INFO  [Thread-23] com.zaxxer.hikari.HikariDataSource:HikariPool-6 - Shutdown initiated...
2024-06-11 14:32:58,999 INFO  [Thread-23] com.zaxxer.hikari.HikariDataSource:HikariPool-6 - Shutdown completed.
2024-06-11 14:32:59,203 INFO  [restartedMain] com.adem.GreenrentApplication:Starting GreenrentApplication using Java 18.0.1.1 with PID 840 (C:\Development\sls\workspaceSls\greenRent\target\classes started by dell in C:\Development\sls\workspaceSls\greenRent)
2024-06-11 14:32:59,204 INFO  [restartedMain] com.adem.GreenrentApplication:No active profile set, falling back to 1 default profile: "default"
2024-06-11 14:32:59,873 INFO  [restartedMain] org.springframework.data.repository.config.RepositoryConfigurationDelegate:Bootstrapping Spring Data JPA repositories in DEFAULT mode.
2024-06-11 14:32:59,913 INFO  [restartedMain] org.springframework.data.repository.config.RepositoryConfigurationDelegate:Finished Spring Data repository scanning in 40 ms. Found 3 JPA repository interfaces.
2024-06-11 14:33:00,221 INFO  [restartedMain] org.springframework.boot.web.embedded.tomcat.TomcatWebServer:Tomcat initialized with port 8080 (http)
2024-06-11 14:33:00,222 INFO  [restartedMain] org.apache.catalina.core.StandardService:Starting service [Tomcat]
2024-06-11 14:33:00,222 INFO  [restartedMain] org.apache.catalina.core.StandardEngine:Starting Servlet engine: [Apache Tomcat/10.1.20]
2024-06-11 14:33:00,268 INFO  [restartedMain] org.apache.catalina.core.ContainerBase.[Tomcat].[localhost].[/]:Initializing Spring embedded WebApplicationContext
2024-06-11 14:33:00,268 INFO  [restartedMain] org.springframework.boot.web.servlet.context.ServletWebServerApplicationContext:Root WebApplicationContext: initialization completed in 1057 ms
2024-06-11 14:33:00,536 INFO  [restartedMain] org.hibernate.jpa.internal.util.LogHelper:HHH000204: Processing PersistenceUnitInfo [name: default]
2024-06-11 14:33:00,542 INFO  [restartedMain] org.hibernate.cache.internal.RegionFactoryInitiator:HHH000026: Second-level cache disabled
2024-06-11 14:33:00,550 INFO  [restartedMain] org.springframework.orm.jpa.persistenceunit.SpringPersistenceUnitInfo:No LoadTimeWeaver setup: ignoring JPA class transformer
2024-06-11 14:33:00,552 INFO  [restartedMain] com.zaxxer.hikari.HikariDataSource:HikariPool-7 - Starting...
2024-06-11 14:33:00,630 INFO  [restartedMain] com.zaxxer.hikari.pool.HikariPool:HikariPool-7 - Added connection org.postgresql.jdbc.PgConnection@408c444c
2024-06-11 14:33:00,630 INFO  [restartedMain] com.zaxxer.hikari.HikariDataSource:HikariPool-7 - Start completed.
2024-06-11 14:33:00,642 WARN  [restartedMain] org.hibernate.orm.deprecation:HHH90000025: PostgreSQLDialect does not need to be specified explicitly using 'hibernate.dialect' (remove the property setting and it will be selected by default)
2024-06-11 14:33:00,777 INFO  [restartedMain] org.hibernate.engine.transaction.jta.platform.internal.JtaPlatformInitiator:HHH000489: No JTA platform available (set 'hibernate.transaction.jta.platform' to enable JTA platform integration)
2024-06-11 14:33:00,873 INFO  [restartedMain] org.springframework.orm.jpa.LocalContainerEntityManagerFactoryBean:Initialized JPA EntityManagerFactory for persistence unit 'default'
2024-06-11 14:33:01,364 WARN  [restartedMain] org.springframework.boot.autoconfigure.orm.jpa.JpaBaseConfiguration$JpaWebConfiguration:spring.jpa.open-in-view is enabled by default. Therefore, database queries may be performed during view rendering. Explicitly configure spring.jpa.open-in-view to disable this warning
2024-06-11 14:33:02,358 INFO  [restartedMain] org.springframework.boot.actuate.endpoint.web.EndpointLinksResolver:Exposing 1 endpoint(s) beneath base path '/actuator'
2024-06-11 14:33:02,455 INFO  [restartedMain] org.springframework.security.web.DefaultSecurityFilterChain:Will secure any request with [org.springframework.security.web.session.DisableEncodeUrlFilter@37ccd1df, org.springframework.security.web.context.request.async.WebAsyncManagerIntegrationFilter@5b7101db, org.springframework.security.web.context.SecurityContextHolderFilter@76abab23, org.springframework.security.web.header.HeaderWriterFilter@62165193, org.springframework.web.filter.CorsFilter@4654e1db, org.springframework.security.web.authentication.logout.LogoutFilter@39c42534, com.adem.security.jwt.AuthTokenFilter@fa8f2f8, org.springframework.security.web.savedrequest.RequestCacheAwareFilter@380bff59, org.springframework.security.web.servletapi.SecurityContextHolderAwareRequestFilter@6f731110, org.springframework.security.web.authentication.AnonymousAuthenticationFilter@5628e867, org.springframework.security.web.session.SessionManagementFilter@333fc496, org.springframework.security.web.access.ExceptionTranslationFilter@5cac83a5, org.springframework.security.web.access.intercept.AuthorizationFilter@3a6ac76a]
2024-06-11 14:33:02,884 INFO  [restartedMain] org.springframework.boot.devtools.autoconfigure.OptionalLiveReloadServer:LiveReload server is running on port 35729
2024-06-11 14:33:02,924 INFO  [restartedMain] org.springframework.boot.web.embedded.tomcat.TomcatWebServer:Tomcat started on port 8080 (http) with context path ''
2024-06-11 14:33:02,941 INFO  [restartedMain] com.adem.GreenrentApplication:Started GreenrentApplication in 3.82 seconds (process running for 1358.973)
2024-06-11 14:33:02,945 INFO  [restartedMain] org.springframework.boot.devtools.autoconfigure.ConditionEvaluationDeltaLoggingListener:Condition evaluation unchanged
2024-06-11 14:33:12,290 INFO  [http-nio-8080-exec-3] org.apache.catalina.core.ContainerBase.[Tomcat].[localhost].[/]:Initializing Spring DispatcherServlet 'dispatcherServlet'
2024-06-11 14:33:21,737 ERROR [http-nio-8080-exec-2] com.adem.exception.GreenrentExceptionHandler:The given id must not be null
2024-06-11 14:33:21,745 WARN  [http-nio-8080-exec-2] org.springframework.web.servlet.mvc.method.annotation.ExceptionHandlerExceptionResolver:Resolved [org.springframework.dao.InvalidDataAccessApiUsageException: The given id must not be null]
2024-06-11 14:37:25,250 INFO  [File Watcher] org.springframework.boot.devtools.autoconfigure.LocalDevToolsAutoConfiguration$RestartingClassPathChangeChangedEventListener:Restarting due to 2 class path changes (0 additions, 0 deletions, 2 modifications)
2024-06-11 14:37:25,281 INFO  [Thread-27] org.springframework.orm.jpa.LocalContainerEntityManagerFactoryBean:Closing JPA EntityManagerFactory for persistence unit 'default'
2024-06-11 14:37:25,282 INFO  [Thread-27] com.zaxxer.hikari.HikariDataSource:HikariPool-7 - Shutdown initiated...
2024-06-11 14:37:25,297 INFO  [Thread-27] com.zaxxer.hikari.HikariDataSource:HikariPool-7 - Shutdown completed.
2024-06-11 14:37:25,519 INFO  [restartedMain] com.adem.GreenrentApplication:Starting GreenrentApplication using Java 18.0.1.1 with PID 840 (C:\Development\sls\workspaceSls\greenRent\target\classes started by dell in C:\Development\sls\workspaceSls\greenRent)
2024-06-11 14:37:25,519 INFO  [restartedMain] com.adem.GreenrentApplication:No active profile set, falling back to 1 default profile: "default"
2024-06-11 14:37:26,197 INFO  [restartedMain] org.springframework.data.repository.config.RepositoryConfigurationDelegate:Bootstrapping Spring Data JPA repositories in DEFAULT mode.
2024-06-11 14:37:26,258 INFO  [restartedMain] org.springframework.data.repository.config.RepositoryConfigurationDelegate:Finished Spring Data repository scanning in 60 ms. Found 3 JPA repository interfaces.
2024-06-11 14:37:26,591 INFO  [restartedMain] org.springframework.boot.web.embedded.tomcat.TomcatWebServer:Tomcat initialized with port 8080 (http)
2024-06-11 14:37:26,593 INFO  [restartedMain] org.apache.catalina.core.StandardService:Starting service [Tomcat]
2024-06-11 14:37:26,593 INFO  [restartedMain] org.apache.catalina.core.StandardEngine:Starting Servlet engine: [Apache Tomcat/10.1.20]
2024-06-11 14:37:26,632 INFO  [restartedMain] org.apache.catalina.core.ContainerBase.[Tomcat].[localhost].[/]:Initializing Spring embedded WebApplicationContext
2024-06-11 14:37:26,632 INFO  [restartedMain] org.springframework.boot.web.servlet.context.ServletWebServerApplicationContext:Root WebApplicationContext: initialization completed in 1109 ms
2024-06-11 14:37:26,872 INFO  [restartedMain] org.hibernate.jpa.internal.util.LogHelper:HHH000204: Processing PersistenceUnitInfo [name: default]
2024-06-11 14:37:26,880 INFO  [restartedMain] org.hibernate.cache.internal.RegionFactoryInitiator:HHH000026: Second-level cache disabled
2024-06-11 14:37:26,892 INFO  [restartedMain] org.springframework.orm.jpa.persistenceunit.SpringPersistenceUnitInfo:No LoadTimeWeaver setup: ignoring JPA class transformer
2024-06-11 14:37:26,899 INFO  [restartedMain] com.zaxxer.hikari.HikariDataSource:HikariPool-8 - Starting...
2024-06-11 14:37:27,013 INFO  [restartedMain] com.zaxxer.hikari.pool.HikariPool:HikariPool-8 - Added connection org.postgresql.jdbc.PgConnection@3bfb463e
2024-06-11 14:37:27,013 INFO  [restartedMain] com.zaxxer.hikari.HikariDataSource:HikariPool-8 - Start completed.
2024-06-11 14:37:27,027 WARN  [restartedMain] org.hibernate.orm.deprecation:HHH90000025: PostgreSQLDialect does not need to be specified explicitly using 'hibernate.dialect' (remove the property setting and it will be selected by default)
2024-06-11 14:37:27,217 INFO  [restartedMain] org.hibernate.engine.transaction.jta.platform.internal.JtaPlatformInitiator:HHH000489: No JTA platform available (set 'hibernate.transaction.jta.platform' to enable JTA platform integration)
2024-06-11 14:37:27,311 INFO  [restartedMain] org.springframework.orm.jpa.LocalContainerEntityManagerFactoryBean:Initialized JPA EntityManagerFactory for persistence unit 'default'
2024-06-11 14:37:27,867 WARN  [restartedMain] org.springframework.boot.autoconfigure.orm.jpa.JpaBaseConfiguration$JpaWebConfiguration:spring.jpa.open-in-view is enabled by default. Therefore, database queries may be performed during view rendering. Explicitly configure spring.jpa.open-in-view to disable this warning
2024-06-11 14:37:28,974 INFO  [restartedMain] org.springframework.boot.actuate.endpoint.web.EndpointLinksResolver:Exposing 1 endpoint(s) beneath base path '/actuator'
2024-06-11 14:37:29,093 INFO  [restartedMain] org.springframework.security.web.DefaultSecurityFilterChain:Will secure any request with [org.springframework.security.web.session.DisableEncodeUrlFilter@17c4359, org.springframework.security.web.context.request.async.WebAsyncManagerIntegrationFilter@10e9f701, org.springframework.security.web.context.SecurityContextHolderFilter@7f7fd0d1, org.springframework.security.web.header.HeaderWriterFilter@16dfd175, org.springframework.web.filter.CorsFilter@3d3103d5, org.springframework.security.web.authentication.logout.LogoutFilter@2939110, com.adem.security.jwt.AuthTokenFilter@1f7cfab6, org.springframework.security.web.savedrequest.RequestCacheAwareFilter@196f5a8c, org.springframework.security.web.servletapi.SecurityContextHolderAwareRequestFilter@6904014e, org.springframework.security.web.authentication.AnonymousAuthenticationFilter@7b30cdf4, org.springframework.security.web.session.SessionManagementFilter@57b02a3a, org.springframework.security.web.access.ExceptionTranslationFilter@750e1567, org.springframework.security.web.access.intercept.AuthorizationFilter@1c218d7]
2024-06-11 14:37:29,680 INFO  [restartedMain] org.springframework.boot.devtools.autoconfigure.OptionalLiveReloadServer:LiveReload server is running on port 35729
2024-06-11 14:37:29,718 INFO  [restartedMain] org.springframework.boot.web.embedded.tomcat.TomcatWebServer:Tomcat started on port 8080 (http) with context path ''
2024-06-11 14:37:29,733 INFO  [restartedMain] com.adem.GreenrentApplication:Started GreenrentApplication in 4.255 seconds (process running for 1625.765)
2024-06-11 14:37:29,737 INFO  [restartedMain] org.springframework.boot.devtools.autoconfigure.ConditionEvaluationDeltaLoggingListener:Condition evaluation unchanged
2024-06-11 14:44:01,632 INFO  [RMI TCP Connection(40)-127.0.0.1] org.springframework.boot.admin.SpringApplicationAdminMXBeanRegistrar$SpringApplicationAdmin:Application shutdown requested.
2024-06-11 14:44:01,658 INFO  [RMI TCP Connection(40)-127.0.0.1] org.springframework.orm.jpa.LocalContainerEntityManagerFactoryBean:Closing JPA EntityManagerFactory for persistence unit 'default'
2024-06-11 14:44:01,659 INFO  [RMI TCP Connection(40)-127.0.0.1] com.zaxxer.hikari.HikariDataSource:HikariPool-8 - Shutdown initiated...
2024-06-11 14:44:01,669 INFO  [RMI TCP Connection(40)-127.0.0.1] com.zaxxer.hikari.HikariDataSource:HikariPool-8 - Shutdown completed.
2024-06-11 14:44:33,622 INFO  [restartedMain] com.adem.GreenrentApplication:Starting GreenrentApplication using Java 18.0.1.1 with PID 2964 (C:\Development\sls\workspaceSls\greenRent\target\classes started by dell in C:\Development\sls\workspaceSls\greenRent)
2024-06-11 14:44:33,626 INFO  [restartedMain] com.adem.GreenrentApplication:No active profile set, falling back to 1 default profile: "default"
2024-06-11 14:44:33,738 INFO  [restartedMain] org.springframework.boot.devtools.env.DevToolsPropertyDefaultsPostProcessor:Devtools property defaults active! Set 'spring.devtools.add-properties' to 'false' to disable
2024-06-11 14:44:33,739 INFO  [restartedMain] org.springframework.boot.devtools.env.DevToolsPropertyDefaultsPostProcessor:For additional web related logging consider setting the 'logging.level.web' property to 'DEBUG'
2024-06-11 14:44:35,673 INFO  [restartedMain] org.springframework.data.repository.config.RepositoryConfigurationDelegate:Bootstrapping Spring Data JPA repositories in DEFAULT mode.
2024-06-11 14:44:35,824 INFO  [restartedMain] org.springframework.data.repository.config.RepositoryConfigurationDelegate:Finished Spring Data repository scanning in 134 ms. Found 3 JPA repository interfaces.
2024-06-11 14:44:37,463 INFO  [restartedMain] org.springframework.boot.web.embedded.tomcat.TomcatWebServer:Tomcat initialized with port 8080 (http)
2024-06-11 14:44:37,497 INFO  [restartedMain] org.apache.catalina.core.StandardService:Starting service [Tomcat]
2024-06-11 14:44:37,499 INFO  [restartedMain] org.apache.catalina.core.StandardEngine:Starting Servlet engine: [Apache Tomcat/10.1.20]
2024-06-11 14:44:37,660 INFO  [restartedMain] org.apache.catalina.core.ContainerBase.[Tomcat].[localhost].[/]:Initializing Spring embedded WebApplicationContext
2024-06-11 14:44:37,661 INFO  [restartedMain] org.springframework.boot.web.servlet.context.ServletWebServerApplicationContext:Root WebApplicationContext: initialization completed in 3921 ms
2024-06-11 14:44:38,277 INFO  [restartedMain] org.hibernate.jpa.internal.util.LogHelper:HHH000204: Processing PersistenceUnitInfo [name: default]
2024-06-11 14:44:38,434 INFO  [restartedMain] org.hibernate.Version:HHH000412: Hibernate ORM core version 6.4.4.Final
2024-06-11 14:44:38,508 INFO  [restartedMain] org.hibernate.cache.internal.RegionFactoryInitiator:HHH000026: Second-level cache disabled
2024-06-11 14:44:38,982 INFO  [restartedMain] org.springframework.orm.jpa.persistenceunit.SpringPersistenceUnitInfo:No LoadTimeWeaver setup: ignoring JPA class transformer
2024-06-11 14:44:39,043 INFO  [restartedMain] com.zaxxer.hikari.HikariDataSource:HikariPool-1 - Starting...
2024-06-11 14:44:39,331 INFO  [restartedMain] com.zaxxer.hikari.pool.HikariPool:HikariPool-1 - Added connection org.postgresql.jdbc.PgConnection@d960642
2024-06-11 14:44:39,333 INFO  [restartedMain] com.zaxxer.hikari.HikariDataSource:HikariPool-1 - Start completed.
2024-06-11 14:44:39,413 WARN  [restartedMain] org.hibernate.orm.deprecation:HHH90000025: PostgreSQLDialect does not need to be specified explicitly using 'hibernate.dialect' (remove the property setting and it will be selected by default)
2024-06-11 14:44:41,196 INFO  [restartedMain] org.hibernate.engine.transaction.jta.platform.internal.JtaPlatformInitiator:HHH000489: No JTA platform available (set 'hibernate.transaction.jta.platform' to enable JTA platform integration)
2024-06-11 14:44:41,381 INFO  [restartedMain] org.springframework.orm.jpa.LocalContainerEntityManagerFactoryBean:Initialized JPA EntityManagerFactory for persistence unit 'default'
2024-06-11 14:44:42,268 WARN  [restartedMain] org.springframework.boot.autoconfigure.orm.jpa.JpaBaseConfiguration$JpaWebConfiguration:spring.jpa.open-in-view is enabled by default. Therefore, database queries may be performed during view rendering. Explicitly configure spring.jpa.open-in-view to disable this warning
2024-06-11 14:44:43,747 INFO  [restartedMain] org.springframework.boot.actuate.endpoint.web.EndpointLinksResolver:Exposing 1 endpoint(s) beneath base path '/actuator'
2024-06-11 14:44:43,886 INFO  [restartedMain] org.springframework.security.web.DefaultSecurityFilterChain:Will secure any request with [org.springframework.security.web.session.DisableEncodeUrlFilter@70977f4d, org.springframework.security.web.context.request.async.WebAsyncManagerIntegrationFilter@9d0abbf, org.springframework.security.web.context.SecurityContextHolderFilter@6ee4241f, org.springframework.security.web.header.HeaderWriterFilter@30cfd87, org.springframework.web.filter.CorsFilter@8849e59, org.springframework.security.web.authentication.logout.LogoutFilter@64c452de, com.adem.security.jwt.AuthTokenFilter@259aae86, org.springframework.security.web.savedrequest.RequestCacheAwareFilter@221fa226, org.springframework.security.web.servletapi.SecurityContextHolderAwareRequestFilter@61f7503b, org.springframework.security.web.authentication.AnonymousAuthenticationFilter@23cbe865, org.springframework.security.web.session.SessionManagementFilter@76ee15ae, org.springframework.security.web.access.ExceptionTranslationFilter@257de1ea, org.springframework.security.web.access.intercept.AuthorizationFilter@50e88a57]
2024-06-11 14:44:44,624 INFO  [restartedMain] org.springframework.boot.devtools.autoconfigure.OptionalLiveReloadServer:LiveReload server is running on port 35729
2024-06-11 14:44:44,778 INFO  [restartedMain] org.springframework.boot.web.embedded.tomcat.TomcatWebServer:Tomcat started on port 8080 (http) with context path ''
2024-06-11 14:44:44,806 INFO  [restartedMain] com.adem.GreenrentApplication:Started GreenrentApplication in 12.129 seconds (process running for 13.671)
2024-06-11 14:44:45,420 INFO  [RMI TCP Connection(4)-127.0.0.1] org.apache.catalina.core.ContainerBase.[Tomcat].[localhost].[/]:Initializing Spring DispatcherServlet 'dispatcherServlet'
2024-06-11 14:45:50,860 ERROR [http-nio-8080-exec-3] com.adem.exception.GreenrentExceptionHandler:The given id must not be null
2024-06-11 14:45:50,875 WARN  [http-nio-8080-exec-3] org.springframework.web.servlet.mvc.method.annotation.ExceptionHandlerExceptionResolver:Resolved [org.springframework.dao.InvalidDataAccessApiUsageException: The given id must not be null]
2024-06-11 14:46:56,632 INFO  [File Watcher] org.springframework.boot.devtools.autoconfigure.LocalDevToolsAutoConfiguration$RestartingClassPathChangeChangedEventListener:Restarting due to 1 class path change (0 additions, 0 deletions, 1 modification)
2024-06-11 14:46:56,662 INFO  [Thread-5] org.springframework.orm.jpa.LocalContainerEntityManagerFactoryBean:Closing JPA EntityManagerFactory for persistence unit 'default'
2024-06-11 14:46:56,668 INFO  [Thread-5] com.zaxxer.hikari.HikariDataSource:HikariPool-1 - Shutdown initiated...
2024-06-11 14:46:56,683 INFO  [Thread-5] com.zaxxer.hikari.HikariDataSource:HikariPool-1 - Shutdown completed.
2024-06-11 14:46:56,861 INFO  [restartedMain] com.adem.GreenrentApplication:Starting GreenrentApplication using Java 18.0.1.1 with PID 2964 (C:\Development\sls\workspaceSls\greenRent\target\classes started by dell in C:\Development\sls\workspaceSls\greenRent)
2024-06-11 14:46:56,862 INFO  [restartedMain] com.adem.GreenrentApplication:No active profile set, falling back to 1 default profile: "default"
2024-06-11 14:46:57,433 INFO  [restartedMain] org.springframework.data.repository.config.RepositoryConfigurationDelegate:Bootstrapping Spring Data JPA repositories in DEFAULT mode.
2024-06-11 14:46:57,471 INFO  [restartedMain] org.springframework.data.repository.config.RepositoryConfigurationDelegate:Finished Spring Data repository scanning in 38 ms. Found 3 JPA repository interfaces.
2024-06-11 14:46:57,751 INFO  [restartedMain] org.springframework.boot.web.embedded.tomcat.TomcatWebServer:Tomcat initialized with port 8080 (http)
2024-06-11 14:46:57,753 INFO  [restartedMain] org.apache.catalina.core.StandardService:Starting service [Tomcat]
2024-06-11 14:46:57,753 INFO  [restartedMain] org.apache.catalina.core.StandardEngine:Starting Servlet engine: [Apache Tomcat/10.1.20]
2024-06-11 14:46:57,792 INFO  [restartedMain] org.apache.catalina.core.ContainerBase.[Tomcat].[localhost].[/]:Initializing Spring embedded WebApplicationContext
2024-06-11 14:46:57,793 INFO  [restartedMain] org.springframework.boot.web.servlet.context.ServletWebServerApplicationContext:Root WebApplicationContext: initialization completed in 927 ms
2024-06-11 14:46:58,036 INFO  [restartedMain] org.hibernate.jpa.internal.util.LogHelper:HHH000204: Processing PersistenceUnitInfo [name: default]
2024-06-11 14:46:58,042 INFO  [restartedMain] org.hibernate.cache.internal.RegionFactoryInitiator:HHH000026: Second-level cache disabled
2024-06-11 14:46:58,054 INFO  [restartedMain] org.springframework.orm.jpa.persistenceunit.SpringPersistenceUnitInfo:No LoadTimeWeaver setup: ignoring JPA class transformer
2024-06-11 14:46:58,056 INFO  [restartedMain] com.zaxxer.hikari.HikariDataSource:HikariPool-2 - Starting...
2024-06-11 14:46:58,135 INFO  [restartedMain] com.zaxxer.hikari.pool.HikariPool:HikariPool-2 - Added connection org.postgresql.jdbc.PgConnection@6bbe9690
2024-06-11 14:46:58,136 INFO  [restartedMain] com.zaxxer.hikari.HikariDataSource:HikariPool-2 - Start completed.
2024-06-11 14:46:58,150 WARN  [restartedMain] org.hibernate.orm.deprecation:HHH90000025: PostgreSQLDialect does not need to be specified explicitly using 'hibernate.dialect' (remove the property setting and it will be selected by default)
2024-06-11 14:46:58,341 INFO  [restartedMain] org.hibernate.engine.transaction.jta.platform.internal.JtaPlatformInitiator:HHH000489: No JTA platform available (set 'hibernate.transaction.jta.platform' to enable JTA platform integration)
2024-06-11 14:46:58,451 INFO  [restartedMain] org.springframework.orm.jpa.LocalContainerEntityManagerFactoryBean:Initialized JPA EntityManagerFactory for persistence unit 'default'
2024-06-11 14:46:58,891 WARN  [restartedMain] org.springframework.boot.autoconfigure.orm.jpa.JpaBaseConfiguration$JpaWebConfiguration:spring.jpa.open-in-view is enabled by default. Therefore, database queries may be performed during view rendering. Explicitly configure spring.jpa.open-in-view to disable this warning
2024-06-11 14:46:59,903 INFO  [restartedMain] org.springframework.boot.actuate.endpoint.web.EndpointLinksResolver:Exposing 1 endpoint(s) beneath base path '/actuator'
2024-06-11 14:47:00,008 INFO  [restartedMain] org.springframework.security.web.DefaultSecurityFilterChain:Will secure any request with [org.springframework.security.web.session.DisableEncodeUrlFilter@5682fca6, org.springframework.security.web.context.request.async.WebAsyncManagerIntegrationFilter@34e4f347, org.springframework.security.web.context.SecurityContextHolderFilter@741fa9f8, org.springframework.security.web.header.HeaderWriterFilter@6e736497, org.springframework.web.filter.CorsFilter@351e8a15, org.springframework.security.web.authentication.logout.LogoutFilter@1f4e079e, com.adem.security.jwt.AuthTokenFilter@209ce398, org.springframework.security.web.savedrequest.RequestCacheAwareFilter@21f75127, org.springframework.security.web.servletapi.SecurityContextHolderAwareRequestFilter@71178ef0, org.springframework.security.web.authentication.AnonymousAuthenticationFilter@212cff2c, org.springframework.security.web.session.SessionManagementFilter@48e9866d, org.springframework.security.web.access.ExceptionTranslationFilter@9ddcabf, org.springframework.security.web.access.intercept.AuthorizationFilter@2e0991a0]
2024-06-11 14:47:00,461 INFO  [restartedMain] org.springframework.boot.devtools.autoconfigure.OptionalLiveReloadServer:LiveReload server is running on port 35729
2024-06-11 14:47:00,504 INFO  [restartedMain] org.springframework.boot.web.embedded.tomcat.TomcatWebServer:Tomcat started on port 8080 (http) with context path ''
2024-06-11 14:47:00,519 INFO  [restartedMain] com.adem.GreenrentApplication:Started GreenrentApplication in 3.717 seconds (process running for 149.385)
2024-06-11 14:47:00,524 INFO  [restartedMain] org.springframework.boot.devtools.autoconfigure.ConditionEvaluationDeltaLoggingListener:Condition evaluation unchanged
2024-06-11 14:49:35,292 INFO  [File Watcher] org.springframework.boot.devtools.autoconfigure.LocalDevToolsAutoConfiguration$RestartingClassPathChangeChangedEventListener:Restarting due to 2 class path changes (0 additions, 0 deletions, 2 modifications)
2024-06-11 14:49:35,315 INFO  [Thread-7] org.springframework.orm.jpa.LocalContainerEntityManagerFactoryBean:Closing JPA EntityManagerFactory for persistence unit 'default'
2024-06-11 14:49:35,316 INFO  [Thread-7] com.zaxxer.hikari.HikariDataSource:HikariPool-2 - Shutdown initiated...
2024-06-11 14:49:35,331 INFO  [Thread-7] com.zaxxer.hikari.HikariDataSource:HikariPool-2 - Shutdown completed.
2024-06-11 14:49:35,512 INFO  [restartedMain] com.adem.GreenrentApplication:Starting GreenrentApplication using Java 18.0.1.1 with PID 2964 (C:\Development\sls\workspaceSls\greenRent\target\classes started by dell in C:\Development\sls\workspaceSls\greenRent)
2024-06-11 14:49:35,514 INFO  [restartedMain] com.adem.GreenrentApplication:No active profile set, falling back to 1 default profile: "default"
2024-06-11 14:49:36,482 INFO  [restartedMain] org.springframework.data.repository.config.RepositoryConfigurationDelegate:Bootstrapping Spring Data JPA repositories in DEFAULT mode.
2024-06-11 14:49:36,517 INFO  [restartedMain] org.springframework.data.repository.config.RepositoryConfigurationDelegate:Finished Spring Data repository scanning in 35 ms. Found 3 JPA repository interfaces.
2024-06-11 14:49:36,889 INFO  [restartedMain] org.springframework.boot.web.embedded.tomcat.TomcatWebServer:Tomcat initialized with port 8080 (http)
2024-06-11 14:49:36,890 INFO  [restartedMain] org.apache.catalina.core.StandardService:Starting service [Tomcat]
2024-06-11 14:49:36,891 INFO  [restartedMain] org.apache.catalina.core.StandardEngine:Starting Servlet engine: [Apache Tomcat/10.1.20]
2024-06-11 14:49:36,943 INFO  [restartedMain] org.apache.catalina.core.ContainerBase.[Tomcat].[localhost].[/]:Initializing Spring embedded WebApplicationContext
2024-06-11 14:49:36,944 INFO  [restartedMain] org.springframework.boot.web.servlet.context.ServletWebServerApplicationContext:Root WebApplicationContext: initialization completed in 1426 ms
2024-06-11 14:49:37,189 INFO  [restartedMain] org.hibernate.jpa.internal.util.LogHelper:HHH000204: Processing PersistenceUnitInfo [name: default]
2024-06-11 14:49:37,196 INFO  [restartedMain] org.hibernate.cache.internal.RegionFactoryInitiator:HHH000026: Second-level cache disabled
2024-06-11 14:49:37,204 INFO  [restartedMain] org.springframework.orm.jpa.persistenceunit.SpringPersistenceUnitInfo:No LoadTimeWeaver setup: ignoring JPA class transformer
2024-06-11 14:49:37,207 INFO  [restartedMain] com.zaxxer.hikari.HikariDataSource:HikariPool-3 - Starting...
2024-06-11 14:49:37,311 INFO  [restartedMain] com.zaxxer.hikari.pool.HikariPool:HikariPool-3 - Added connection org.postgresql.jdbc.PgConnection@759a85da
2024-06-11 14:49:37,312 INFO  [restartedMain] com.zaxxer.hikari.HikariDataSource:HikariPool-3 - Start completed.
2024-06-11 14:49:37,324 WARN  [restartedMain] org.hibernate.orm.deprecation:HHH90000025: PostgreSQLDialect does not need to be specified explicitly using 'hibernate.dialect' (remove the property setting and it will be selected by default)
2024-06-11 14:49:37,540 INFO  [restartedMain] org.hibernate.engine.transaction.jta.platform.internal.JtaPlatformInitiator:HHH000489: No JTA platform available (set 'hibernate.transaction.jta.platform' to enable JTA platform integration)
2024-06-11 14:49:37,642 INFO  [restartedMain] org.springframework.orm.jpa.LocalContainerEntityManagerFactoryBean:Initialized JPA EntityManagerFactory for persistence unit 'default'
2024-06-11 14:49:38,138 WARN  [restartedMain] org.springframework.boot.autoconfigure.orm.jpa.JpaBaseConfiguration$JpaWebConfiguration:spring.jpa.open-in-view is enabled by default. Therefore, database queries may be performed during view rendering. Explicitly configure spring.jpa.open-in-view to disable this warning
2024-06-11 14:49:39,443 INFO  [restartedMain] org.springframework.boot.actuate.endpoint.web.EndpointLinksResolver:Exposing 1 endpoint(s) beneath base path '/actuator'
2024-06-11 14:49:39,564 INFO  [restartedMain] org.springframework.security.web.DefaultSecurityFilterChain:Will secure any request with [org.springframework.security.web.session.DisableEncodeUrlFilter@58b4bd4c, org.springframework.security.web.context.request.async.WebAsyncManagerIntegrationFilter@18766f88, org.springframework.security.web.context.SecurityContextHolderFilter@442c3414, org.springframework.security.web.header.HeaderWriterFilter@7416dfe2, org.springframework.web.filter.CorsFilter@12d1688d, org.springframework.security.web.authentication.logout.LogoutFilter@4db8d060, com.adem.security.jwt.AuthTokenFilter@116bd241, org.springframework.security.web.savedrequest.RequestCacheAwareFilter@b291159, org.springframework.security.web.servletapi.SecurityContextHolderAwareRequestFilter@40bc00aa, org.springframework.security.web.authentication.AnonymousAuthenticationFilter@6cbb7d42, org.springframework.security.web.session.SessionManagementFilter@57c55e6, org.springframework.security.web.access.ExceptionTranslationFilter@14e1409e, org.springframework.security.web.access.intercept.AuthorizationFilter@149a9309]
2024-06-11 14:49:40,071 INFO  [restartedMain] org.springframework.boot.devtools.autoconfigure.OptionalLiveReloadServer:LiveReload server is running on port 35729
2024-06-11 14:49:40,118 INFO  [restartedMain] org.springframework.boot.web.embedded.tomcat.TomcatWebServer:Tomcat started on port 8080 (http) with context path ''
2024-06-11 14:49:40,139 INFO  [restartedMain] com.adem.GreenrentApplication:Started GreenrentApplication in 4.689 seconds (process running for 309.004)
2024-06-11 14:49:40,144 INFO  [restartedMain] org.springframework.boot.devtools.autoconfigure.ConditionEvaluationDeltaLoggingListener:Condition evaluation unchanged
2024-06-11 14:49:41,511 INFO  [File Watcher] org.springframework.boot.devtools.autoconfigure.LocalDevToolsAutoConfiguration$RestartingClassPathChangeChangedEventListener:Restarting due to 1 class path change (0 additions, 0 deletions, 1 modification)
2024-06-11 14:49:41,534 INFO  [Thread-11] org.springframework.orm.jpa.LocalContainerEntityManagerFactoryBean:Closing JPA EntityManagerFactory for persistence unit 'default'
2024-06-11 14:49:41,535 INFO  [Thread-11] com.zaxxer.hikari.HikariDataSource:HikariPool-3 - Shutdown initiated...
2024-06-11 14:49:41,544 INFO  [Thread-11] com.zaxxer.hikari.HikariDataSource:HikariPool-3 - Shutdown completed.
2024-06-11 14:49:41,717 INFO  [restartedMain] com.adem.GreenrentApplication:Starting GreenrentApplication using Java 18.0.1.1 with PID 2964 (C:\Development\sls\workspaceSls\greenRent\target\classes started by dell in C:\Development\sls\workspaceSls\greenRent)
2024-06-11 14:49:41,718 INFO  [restartedMain] com.adem.GreenrentApplication:No active profile set, falling back to 1 default profile: "default"
2024-06-11 14:49:42,272 INFO  [restartedMain] org.springframework.data.repository.config.RepositoryConfigurationDelegate:Bootstrapping Spring Data JPA repositories in DEFAULT mode.
2024-06-11 14:49:42,310 INFO  [restartedMain] org.springframework.data.repository.config.RepositoryConfigurationDelegate:Finished Spring Data repository scanning in 37 ms. Found 3 JPA repository interfaces.
2024-06-11 14:49:42,594 INFO  [restartedMain] org.springframework.boot.web.embedded.tomcat.TomcatWebServer:Tomcat initialized with port 8080 (http)
2024-06-11 14:49:42,595 INFO  [restartedMain] org.apache.catalina.core.StandardService:Starting service [Tomcat]
2024-06-11 14:49:42,595 INFO  [restartedMain] org.apache.catalina.core.StandardEngine:Starting Servlet engine: [Apache Tomcat/10.1.20]
2024-06-11 14:49:42,641 INFO  [restartedMain] org.apache.catalina.core.ContainerBase.[Tomcat].[localhost].[/]:Initializing Spring embedded WebApplicationContext
2024-06-11 14:49:42,642 INFO  [restartedMain] org.springframework.boot.web.servlet.context.ServletWebServerApplicationContext:Root WebApplicationContext: initialization completed in 920 ms
2024-06-11 14:49:42,878 INFO  [restartedMain] org.hibernate.jpa.internal.util.LogHelper:HHH000204: Processing PersistenceUnitInfo [name: default]
2024-06-11 14:49:42,884 INFO  [restartedMain] org.hibernate.cache.internal.RegionFactoryInitiator:HHH000026: Second-level cache disabled
2024-06-11 14:49:42,893 INFO  [restartedMain] org.springframework.orm.jpa.persistenceunit.SpringPersistenceUnitInfo:No LoadTimeWeaver setup: ignoring JPA class transformer
2024-06-11 14:49:42,895 INFO  [restartedMain] com.zaxxer.hikari.HikariDataSource:HikariPool-4 - Starting...
2024-06-11 14:49:42,976 INFO  [restartedMain] com.zaxxer.hikari.pool.HikariPool:HikariPool-4 - Added connection org.postgresql.jdbc.PgConnection@21207e2f
2024-06-11 14:49:42,976 INFO  [restartedMain] com.zaxxer.hikari.HikariDataSource:HikariPool-4 - Start completed.
2024-06-11 14:49:42,989 WARN  [restartedMain] org.hibernate.orm.deprecation:HHH90000025: PostgreSQLDialect does not need to be specified explicitly using 'hibernate.dialect' (remove the property setting and it will be selected by default)
2024-06-11 14:49:43,243 INFO  [restartedMain] org.hibernate.engine.transaction.jta.platform.internal.JtaPlatformInitiator:HHH000489: No JTA platform available (set 'hibernate.transaction.jta.platform' to enable JTA platform integration)
2024-06-11 14:49:43,345 INFO  [restartedMain] org.springframework.orm.jpa.LocalContainerEntityManagerFactoryBean:Initialized JPA EntityManagerFactory for persistence unit 'default'
2024-06-11 14:49:43,764 WARN  [restartedMain] org.springframework.boot.autoconfigure.orm.jpa.JpaBaseConfiguration$JpaWebConfiguration:spring.jpa.open-in-view is enabled by default. Therefore, database queries may be performed during view rendering. Explicitly configure spring.jpa.open-in-view to disable this warning
2024-06-11 14:49:44,913 INFO  [restartedMain] org.springframework.boot.actuate.endpoint.web.EndpointLinksResolver:Exposing 1 endpoint(s) beneath base path '/actuator'
2024-06-11 14:49:45,040 INFO  [restartedMain] org.springframework.security.web.DefaultSecurityFilterChain:Will secure any request with [org.springframework.security.web.session.DisableEncodeUrlFilter@5264cf19, org.springframework.security.web.context.request.async.WebAsyncManagerIntegrationFilter@3d540b57, org.springframework.security.web.context.SecurityContextHolderFilter@4146c7c, org.springframework.security.web.header.HeaderWriterFilter@62d2b35, org.springframework.web.filter.CorsFilter@94b6f31, org.springframework.security.web.authentication.logout.LogoutFilter@c0ea30f, com.adem.security.jwt.AuthTokenFilter@3bd0bcba, org.springframework.security.web.savedrequest.RequestCacheAwareFilter@3eb8587b, org.springframework.security.web.servletapi.SecurityContextHolderAwareRequestFilter@5c196c93, org.springframework.security.web.authentication.AnonymousAuthenticationFilter@3c09c5dc, org.springframework.security.web.session.SessionManagementFilter@2ad834fe, org.springframework.security.web.access.ExceptionTranslationFilter@26211f0d, org.springframework.security.web.access.intercept.AuthorizationFilter@77130993]
2024-06-11 14:49:45,609 INFO  [restartedMain] org.springframework.boot.devtools.autoconfigure.OptionalLiveReloadServer:LiveReload server is running on port 35729
2024-06-11 14:49:45,656 INFO  [restartedMain] org.springframework.boot.web.embedded.tomcat.TomcatWebServer:Tomcat started on port 8080 (http) with context path ''
2024-06-11 14:49:45,671 INFO  [restartedMain] com.adem.GreenrentApplication:Started GreenrentApplication in 4.01 seconds (process running for 314.537)
2024-06-11 14:49:45,675 INFO  [restartedMain] org.springframework.boot.devtools.autoconfigure.ConditionEvaluationDeltaLoggingListener:Condition evaluation unchanged
2024-06-11 14:49:54,797 INFO  [http-nio-8080-exec-2] org.apache.catalina.core.ContainerBase.[Tomcat].[localhost].[/]:Initializing Spring DispatcherServlet 'dispatcherServlet'
2024-06-11 14:50:28,507 INFO  [File Watcher] org.springframework.boot.devtools.autoconfigure.LocalDevToolsAutoConfiguration$RestartingClassPathChangeChangedEventListener:Restarting due to 1 class path change (0 additions, 0 deletions, 1 modification)
2024-06-11 14:50:28,529 INFO  [Thread-15] org.springframework.orm.jpa.LocalContainerEntityManagerFactoryBean:Closing JPA EntityManagerFactory for persistence unit 'default'
2024-06-11 14:50:28,530 INFO  [Thread-15] com.zaxxer.hikari.HikariDataSource:HikariPool-4 - Shutdown initiated...
2024-06-11 14:50:28,540 INFO  [Thread-15] com.zaxxer.hikari.HikariDataSource:HikariPool-4 - Shutdown completed.
2024-06-11 14:50:28,743 INFO  [restartedMain] com.adem.GreenrentApplication:Starting GreenrentApplication using Java 18.0.1.1 with PID 2964 (C:\Development\sls\workspaceSls\greenRent\target\classes started by dell in C:\Development\sls\workspaceSls\greenRent)
2024-06-11 14:50:28,744 INFO  [restartedMain] com.adem.GreenrentApplication:No active profile set, falling back to 1 default profile: "default"
2024-06-11 14:50:29,492 INFO  [restartedMain] org.springframework.data.repository.config.RepositoryConfigurationDelegate:Bootstrapping Spring Data JPA repositories in DEFAULT mode.
2024-06-11 14:50:29,569 INFO  [restartedMain] org.springframework.data.repository.config.RepositoryConfigurationDelegate:Finished Spring Data repository scanning in 76 ms. Found 3 JPA repository interfaces.
2024-06-11 14:50:30,104 INFO  [restartedMain] org.springframework.boot.web.embedded.tomcat.TomcatWebServer:Tomcat initialized with port 8080 (http)
2024-06-11 14:50:30,105 INFO  [restartedMain] org.apache.catalina.core.StandardService:Starting service [Tomcat]
2024-06-11 14:50:30,106 INFO  [restartedMain] org.apache.catalina.core.StandardEngine:Starting Servlet engine: [Apache Tomcat/10.1.20]
2024-06-11 14:50:30,173 INFO  [restartedMain] org.apache.catalina.core.ContainerBase.[Tomcat].[localhost].[/]:Initializing Spring embedded WebApplicationContext
2024-06-11 14:50:30,174 INFO  [restartedMain] org.springframework.boot.web.servlet.context.ServletWebServerApplicationContext:Root WebApplicationContext: initialization completed in 1425 ms
2024-06-11 14:50:30,506 INFO  [restartedMain] org.hibernate.jpa.internal.util.LogHelper:HHH000204: Processing PersistenceUnitInfo [name: default]
2024-06-11 14:50:30,514 INFO  [restartedMain] org.hibernate.cache.internal.RegionFactoryInitiator:HHH000026: Second-level cache disabled
2024-06-11 14:50:30,526 INFO  [restartedMain] org.springframework.orm.jpa.persistenceunit.SpringPersistenceUnitInfo:No LoadTimeWeaver setup: ignoring JPA class transformer
2024-06-11 14:50:30,528 INFO  [restartedMain] com.zaxxer.hikari.HikariDataSource:HikariPool-5 - Starting...
2024-06-11 14:50:30,622 INFO  [restartedMain] com.zaxxer.hikari.pool.HikariPool:HikariPool-5 - Added connection org.postgresql.jdbc.PgConnection@4767f207
2024-06-11 14:50:30,622 INFO  [restartedMain] com.zaxxer.hikari.HikariDataSource:HikariPool-5 - Start completed.
2024-06-11 14:50:30,635 WARN  [restartedMain] org.hibernate.orm.deprecation:HHH90000025: PostgreSQLDialect does not need to be specified explicitly using 'hibernate.dialect' (remove the property setting and it will be selected by default)
2024-06-11 14:50:30,885 INFO  [restartedMain] org.hibernate.engine.transaction.jta.platform.internal.JtaPlatformInitiator:HHH000489: No JTA platform available (set 'hibernate.transaction.jta.platform' to enable JTA platform integration)
2024-06-11 14:50:31,027 INFO  [restartedMain] org.springframework.orm.jpa.LocalContainerEntityManagerFactoryBean:Initialized JPA EntityManagerFactory for persistence unit 'default'
2024-06-11 14:50:32,216 WARN  [restartedMain] org.springframework.boot.autoconfigure.orm.jpa.JpaBaseConfiguration$JpaWebConfiguration:spring.jpa.open-in-view is enabled by default. Therefore, database queries may be performed during view rendering. Explicitly configure spring.jpa.open-in-view to disable this warning
2024-06-11 14:50:33,916 INFO  [restartedMain] org.springframework.boot.actuate.endpoint.web.EndpointLinksResolver:Exposing 1 endpoint(s) beneath base path '/actuator'
2024-06-11 14:50:34,099 INFO  [restartedMain] org.springframework.security.web.DefaultSecurityFilterChain:Will secure any request with [org.springframework.security.web.session.DisableEncodeUrlFilter@296abfda, org.springframework.security.web.context.request.async.WebAsyncManagerIntegrationFilter@351b2c66, org.springframework.security.web.context.SecurityContextHolderFilter@6b1a4139, org.springframework.security.web.header.HeaderWriterFilter@64b3e726, org.springframework.web.filter.CorsFilter@74f7fa96, org.springframework.security.web.authentication.logout.LogoutFilter@3f3fa680, com.adem.security.jwt.AuthTokenFilter@7284eadf, org.springframework.security.web.savedrequest.RequestCacheAwareFilter@6679bafd, org.springframework.security.web.servletapi.SecurityContextHolderAwareRequestFilter@76ac92f2, org.springframework.security.web.authentication.AnonymousAuthenticationFilter@ab85988, org.springframework.security.web.session.SessionManagementFilter@4dfc6595, org.springframework.security.web.access.ExceptionTranslationFilter@479e4e28, org.springframework.security.web.access.intercept.AuthorizationFilter@db22bea]
2024-06-11 14:50:34,813 INFO  [restartedMain] org.springframework.boot.devtools.autoconfigure.OptionalLiveReloadServer:LiveReload server is running on port 35729
2024-06-11 14:50:34,867 INFO  [restartedMain] org.springframework.boot.web.embedded.tomcat.TomcatWebServer:Tomcat started on port 8080 (http) with context path ''
2024-06-11 14:50:34,887 INFO  [restartedMain] com.adem.GreenrentApplication:Started GreenrentApplication in 6.202 seconds (process running for 363.752)
2024-06-11 14:50:34,894 INFO  [restartedMain] org.springframework.boot.devtools.autoconfigure.ConditionEvaluationDeltaLoggingListener:Condition evaluation unchanged
